02-20 23:44 encoding_win_malwares INFO     Extracted: malwares/Binaries/ZeusGameover_Feb2014
02-20 23:44 encoding_win_malwares INFO     Extracted: malwares/Binaries/Win32.ZeusVM
02-20 23:44 encoding_win_malwares INFO     Extracted: malwares/Binaries/Trojan.Shylock.Skype
02-20 23:44 encoding_win_malwares INFO     Extracted: malwares/Binaries/Ransomware.Matsnu
02-20 23:45 encoding_win_malwares INFO     Extracted: malwares/Binaries/KRBanker
02-20 23:45 encoding_win_malwares INFO     Extracted: malwares/Binaries/PlugX
02-20 23:45 encoding_win_malwares INFO     Extracted: malwares/Binaries/Keylogger.Ardamax
02-20 23:45 encoding_win_malwares INFO     Extracted: malwares/Binaries/Trojan.Stabuniq
02-20 23:47 encoding_win_malwares ERROR    Error from extract malware: malwares/Binraies/Win32.Narilam
02-20 23:47 encoding_win_malwares INFO     Extracted: malwares/Binaries/EquationGroup
02-20 23:47 encoding_win_malwares INFO     Extracted: malwares/Binaries/EquationGroup.GrayFish
02-20 23:47 encoding_win_malwares INFO     Extracted: malwares/Binaries/EquationGroup.TripleFantasy
02-20 23:47 encoding_win_malwares INFO     Extracted: malwares/Binaries/EquationGroup.GROK
02-20 23:47 encoding_win_malwares INFO     Extracted: malwares/Binaries/EquationGroup.EquationLaser
02-20 23:47 encoding_win_malwares INFO     Extracted: malwares/Binaries/EquationGroup.EquationDrug
02-20 23:47 encoding_win_malwares INFO     Extracted: malwares/Binaries/EquationGroup.Fanny
02-20 23:47 encoding_win_malwares INFO     Extracted: malwares/Binaries/EquationGroup.DoubleFantasy
02-20 23:47 encoding_win_malwares INFO     Extracted: malwares/Binaries/Win32.Emotet
02-20 23:47 encoding_win_malwares INFO     Extracted: malwares/Binaries/WMIGhost
02-20 23:48 encoding_win_malwares INFO     Extracted: malwares/Binaries/VolatileCedar.Explosion
02-20 23:48 encoding_win_malwares INFO     Extracted: malwares/Binaries/Ransomware.TeslaCrypt
02-20 23:48 encoding_win_malwares INFO     Extracted: malwares/Binaries/Waski.Upatre
02-20 23:48 encoding_win_malwares INFO     Extracted: malwares/Binaries/Nitlove
02-20 23:48 encoding_win_malwares INFO     Extracted: malwares/Binaries/Kelihos
02-20 23:48 encoding_win_malwares INFO     Extracted: malwares/Binaries/Ransomware.Radamant
02-20 23:49 encoding_win_malwares INFO     Extracted: malwares/Source/Original/BshadesFusion
02-20 23:49 encoding_win_malwares INFO     Extracted: malwares/Binaries/Ransomware.Petya
02-20 23:49 encoding_win_malwares INFO     Extracted: malwares/Binaries/Ransomware.Jigsaw
02-20 23:50 encoding_win_malwares INFO     Extracted: malwares/Binaries/Ransomware.Petrwrap
02-20 23:50 encoding_win_malwares INFO     Extracted: malwares/Binaries/Win32.Sofacy.A
02-20 23:50 encoding_win_malwares INFO     Extracted: malwares/Binaries/Win32.APT32.Windshield
02-20 23:50 encoding_win_malwares INFO     Extracted: malwares/Binaries/Ransomware.WannaCry_Plus
02-20 23:50 encoding_win_malwares INFO     Extracted: malwares/Binaries/Win32.Unnamed_SpecMelt
02-20 23:50 encoding_win_malwares INFO     Extracted: malwares/Binaries/Win32.Unknown_SpectreMeltdown
02-20 23:50 encoding_win_malwares INFO     Extracted: malwares/Binaries/Win64.Trojan.GreenBug
02-20 23:50 encoding_win_malwares INFO     Extracted: malwares/Binaries/Win32.VBS.APT34Dropper
02-20 23:50 encoding_win_malwares INFO     Extracted: malwares/Binaries/Win32.SofacyCarberp
02-20 23:50 encoding_win_malwares INFO     Extracted: malwares/Binaries/Win32.Unclassified
02-20 23:53 encoding_win_malwares ERROR    Error from extract malware: malwares/Binaries/Win32.GravityRAT
02-20 23:53 encoding_win_malwares INFO     Extracted: malwares/Binaries/Ransomware.Unnamed_0
02-20 23:53 encoding_win_malwares INFO     Extracted: malwares/Source/Original/Win32.LuxNET
02-20 23:53 encoding_win_malwares INFO     Extracted: malwares/Binaries/AntiExe.A
02-20 23:53 encoding_win_malwares INFO     Extracted: malwares/Binaries/Brain.A
02-20 23:53 encoding_win_malwares INFO     Extracted: malwares/Binaries/Form.A
02-20 23:53 encoding_win_malwares INFO     Extracted: malwares/Binaries/INTC.A
02-20 23:53 encoding_win_malwares INFO     Extracted: malwares/Binaries/Jumper.B
02-20 23:53 encoding_win_malwares INFO     Extracted: malwares/Binaries/Junkie
02-20 23:53 encoding_win_malwares INFO     Extracted: malwares/Binaries/Kampana.A
02-20 23:53 encoding_win_malwares INFO     Extracted: malwares/Binaries/Michelangelo
02-20 23:53 encoding_win_malwares INFO     Extracted: malwares/Binaries/NYB.B
02-20 23:53 encoding_win_malwares INFO     Extracted: malwares/Binaries/Parity_Boot.B
02-20 23:53 encoding_win_malwares INFO     Extracted: malwares/Binaries/Quax.A
02-20 23:53 encoding_win_malwares INFO     Extracted: malwares/Binaries/Sampo.A
02-20 23:53 encoding_win_malwares INFO     Extracted: malwares/Binaries/SheHas.A
02-20 23:53 encoding_win_malwares INFO     Extracted: malwares/Binaries/Telefonica.3784
02-20 23:53 encoding_win_malwares INFO     Extracted: malwares/Binaries/Cascade.1701.W
02-20 23:53 encoding_win_malwares INFO     Extracted: malwares/Binaries/Catapillar.E
02-20 23:53 encoding_win_malwares INFO     Extracted: malwares/Binaries/Civil_War.282
02-20 23:53 encoding_win_malwares INFO     Extracted: malwares/Binaries/DOS.Yesmile
02-20 23:53 encoding_win_malwares INFO     Extracted: malwares/Binaries/Friday_the_13th.408
02-20 23:53 encoding_win_malwares INFO     Extracted: malwares/Binaries/Friday_the_13th.416.A
02-20 23:53 encoding_win_malwares INFO     Extracted: malwares/Binaries/Friday_the_13th.416.B
02-20 23:53 encoding_win_malwares INFO     Extracted: malwares/Binaries/Friday_the_13th.540.A
02-20 23:53 encoding_win_malwares INFO     Extracted: malwares/Binaries/Green_Caterpillar.1575.A
02-20 23:53 encoding_win_malwares INFO     Extracted: malwares/Binaries/Phoenix.2000
02-20 23:53 encoding_win_malwares INFO     Extracted: malwares/Binaries/SillyC.160.B
02-20 23:53 encoding_win_malwares INFO     Extracted: malwares/Binaries/Slow_Format.705
02-20 23:53 encoding_win_malwares INFO     Extracted: malwares/Binaries/W32.Elkern.B
02-20 23:53 encoding_win_malwares INFO     Extracted: malwares/Binaries/W32.HLLP.Hantaner.A
02-20 23:53 encoding_win_malwares INFO     Extracted: malwares/Binaries/Yankee_Doodle.2881.A
02-20 23:53 encoding_win_malwares INFO     Extracted: malwares/Binaries/Yankee_Doodle.2997
02-20 23:53 encoding_win_malwares INFO     Extracted: malwares/Binaries/Yankee_Login.3052
02-20 23:53 encoding_win_malwares INFO     Extracted: malwares/Binaries/Yaunch.2537
02-20 23:53 encoding_win_malwares INFO     Extracted: malwares/Binaries/Yeke.1204
02-20 23:53 encoding_win_malwares INFO     Extracted: malwares/Binaries/Zherkov.1958
02-20 23:53 encoding_win_malwares INFO     Extracted: malwares/Binaries/Zherkov.2970
02-20 23:53 encoding_win_malwares INFO     Extracted: malwares/Binaries/W97M.Class.AU
02-20 23:53 encoding_win_malwares INFO     Extracted: malwares/Binaries/W97M.Melissa.A
02-20 23:53 encoding_win_malwares INFO     Extracted: malwares/Binaries/W97M.Pri.A
02-20 23:53 encoding_win_malwares INFO     Extracted: malwares/Binaries/W97M.Pri.AB
02-20 23:53 encoding_win_malwares INFO     Extracted: malwares/Binaries/WM.Alliance.A
02-20 23:53 encoding_win_malwares INFO     Extracted: malwares/Binaries/WM.Cap.A
02-20 23:53 encoding_win_malwares INFO     Extracted: malwares/Binaries/WM.Concept.A
02-20 23:53 encoding_win_malwares INFO     Extracted: malwares/Binaries/WM.Concept.S
02-20 23:53 encoding_win_malwares INFO     Extracted: malwares/Binaries/WM.Minimal.AB
02-20 23:53 encoding_win_malwares INFO     Extracted: malwares/Binaries/WM.NJ_WMVCK2_T
02-20 23:53 encoding_win_malwares INFO     Extracted: malwares/Binaries/WM.Npad.A
02-20 23:53 encoding_win_malwares INFO     Extracted: malwares/Binaries/X97M.Sugar_Poppy.II
02-20 23:54 encoding_win_malwares INFO     Extracted: malwares/Binaries/X97M.Sugar.A
02-20 23:54 encoding_win_malwares INFO     Extracted: malwares/Binaries/Trivial.881
02-20 23:54 encoding_win_malwares INFO     Extracted: malwares/Binaries/Trivial.LSD
02-20 23:54 encoding_win_malwares INFO     Extracted: malwares/Binaries/BAT.Drop
02-20 23:54 encoding_win_malwares INFO     Extracted: malwares/Binaries/BAT.Pot.A
02-20 23:54 encoding_win_malwares INFO     Extracted: malwares/Binaries/BAT.Skul
02-20 23:54 encoding_win_malwares INFO     Extracted: malwares/Binaries/JS.JScript.A
02-20 23:54 encoding_win_malwares INFO     Extracted: malwares/Binaries/JS.Lame
02-20 23:54 encoding_win_malwares INFO     Extracted: malwares/Binaries/Trivial.Html.883
02-20 23:54 encoding_win_malwares INFO     Extracted: malwares/Binaries/VBS.Hopper
02-20 23:54 encoding_win_malwares INFO     Extracted: malwares/Binaries/VBS.NoMercy.B
02-20 23:54 encoding_win_malwares INFO     Extracted: malwares/Binaries/VBS.NoWarning.A
02-20 23:54 encoding_win_malwares INFO     Extracted: malwares/Binaries/VBS.Redinal
02-20 23:54 encoding_win_malwares INFO     Extracted: malwares/Binaries/VBS.RunScript
02-20 23:54 encoding_win_malwares INFO     Extracted: malwares/Binaries/VBS.Vquest.ow
02-20 23:54 encoding_win_malwares INFO     Extracted: malwares/Binaries/VBS.Carnival
02-20 23:54 encoding_win_malwares INFO     Extracted: malwares/Binaries/VBS.LoveLetter
02-20 23:54 encoding_win_malwares INFO     Extracted: malwares/Binaries/VBS.NewLove.A
02-20 23:54 encoding_win_malwares INFO     Extracted: malwares/Binaries/W32.Beagle
02-20 23:54 encoding_win_malwares INFO     Extracted: malwares/Binaries/W32.CodeRed.Worm.C
02-20 23:54 encoding_win_malwares INFO     Extracted: malwares/Binaries/W32.Duni.A
02-20 23:54 encoding_win_malwares INFO     Extracted: malwares/Binaries/W32.Hybris.Worm.B
02-20 23:54 encoding_win_malwares INFO     Extracted: malwares/Binaries/W32.Klez.E
02-20 23:54 encoding_win_malwares INFO     Extracted: malwares/Binaries/W32.Klez.H
02-20 23:54 encoding_win_malwares INFO     Extracted: malwares/Binaries/W32.MyDoom.A
02-20 23:54 encoding_win_malwares INFO     Extracted: malwares/Binaries/W32.Mytob_EJ
02-20 23:54 encoding_win_malwares INFO     Extracted: malwares/Binaries/W32.NetSky
02-20 23:54 encoding_win_malwares INFO     Extracted: malwares/Binaries/W32.Nimda.A
02-20 23:54 encoding_win_malwares INFO     Extracted: malwares/Binaries/W32.Nimda.E
02-20 23:54 encoding_win_malwares INFO     Extracted: malwares/Binaries/W32.Slammer
02-20 23:54 encoding_win_malwares INFO     Extracted: malwares/Binaries/W32.Swen
02-20 23:54 encoding_win_malwares INFO     Extracted: malwares/Binaries/Win32.Turla.V1
02-20 23:54 encoding_win_malwares INFO     Extracted: malwares/Binaries/Win32.ShadowHammer
02-20 23:54 encoding_win_malwares INFO     Extracted: malwares/Binaries/Win32.DarkTequila
02-20 23:54 encoding_win_malwares INFO     Extracted: malwares/Binaries/Win32.Triton
02-20 23:54 encoding_win_malwares INFO     Extracted: malwares/Binaries/Win32.MyLobot
02-20 23:55 encoding_win_malwares INFO     Extracted: malwares/Source/Original/APT34
02-20 23:56 encoding_win_malwares INFO     Extracted: malwares/Binaries/Win32.BigBang
02-20 23:56 encoding_win_malwares INFO     Extracted: malwares/Source/Original/Win32.MuddyWaterC
02-20 23:56 encoding_win_malwares INFO     Extracted: malwares/Binaries/Win32.GreenBug
02-20 23:56 encoding_win_malwares INFO     Extracted: malwares/Binaries/Coll.CozyBear
02-21 00:01 encoding_win_malwares ERROR    Error from extract malware: malwares/Binaries/Coll.Coll.DarkHydrus
02-21 00:01 encoding_win_malwares INFO     Extracted: malwares/Binaries/Win32.ZeroCleare
02-21 00:01 encoding_win_malwares INFO     Extracted: malwares/Binaries/Win32.Powerstats
02-21 00:01 encoding_win_malwares INFO     Extracted: malwares/Binaries/Win32.StrongPity
02-21 00:01 encoding_win_malwares INFO     Extracted: malwares/Binaries/Win64.NukeSped
02-21 00:01 encoding_win_malwares INFO     Extracted: malwares/Binaries/Win32.RedDelta
02-21 00:01 encoding_win_malwares ERROR    Error from extract malware: malware/Binaries/Ransomware.Thanos
02-21 00:01 encoding_win_malwares ERROR    Error from extract malware: malware/Binaries/Win32.LuckyCat
02-21 00:01 encoding_win_malwares ERROR    Error from extract malware: malware/Binaries/Win32.FASTCash
02-21 00:03 encoding_win_malwares INFO     Extracted: malwares/Source/Original/Win32.APT34.PoisionFrog
02-21 00:06 encoding_win_malwares ERROR    Error from extract malware: malware/Binaries/WinX.SUNBURST
02-21 00:08 encoding_win_malwares ERROR    Error from extract malware: malware/Binaries/Win32.Pay2Key.B
02-21 00:08 encoding_win_malwares ERROR    Error from extract malware: malware/Binaries/WinX.SignSight
02-21 00:08 encoding_win_malwares ERROR    Error from extract malware: malware/Binaries/Win64.StealthyTrident
02-21 00:08 encoding_win_malwares ERROR    Error from extract malware: malware/Binaries/WinX.HiddenCobra.Supply
